d:\cppsoft\ffmpeg\code\src\xviewer\xviewer\debug\xcamera_widget.obj
d:\cppsoft\ffmpeg\code\src\xviewer\xviewer\debug\xviewer.obj
d:\cppsoft\ffmpeg\code\src\xviewer\xviewer\debug\xcamera_config.obj
d:\cppsoft\ffmpeg\code\src\xviewer\xviewer\debug\main.obj
d:\cppsoft\ffmpeg\code\src\xviewer\xviewer\debug\xcamera_record.obj
d:\cppsoft\ffmpeg\code\src\xviewer\xviewer\debug\xcalendar.obj
d:\cppsoft\ffmpeg\code\src\xviewer\xviewer\debug\moc_xviewer.obj
d:\cppsoft\ffmpeg\code\src\xviewer\xviewer\debug\moc_xcamera_widget.obj
d:\cppsoft\ffmpeg\code\src\xviewer\xviewer\debug\xplayvideo.obj
d:\cppsoft\ffmpeg\code\src\xviewer\xviewer\debug\vc143.pdb
d:\cppsoft\ffmpeg\code\src\xviewer\xviewer\debug\vc143.idb
d:\cppsoft\ffmpeg\code\src\xviewer\xviewer\debug\qrc_xviewer.obj
d:\cppsoft\ffmpeg\code\src\xviewer\xviewer\debug\moc_xplayvideo.obj
d:\cppsoft\ffmpeg\code\src\xviewer\xviewer\debug\moc\moc_xviewer.cpp
d:\cppsoft\ffmpeg\code\src\xviewer\xviewer\debug\moc\moc_xplayvideo.cpp
d:\cppsoft\ffmpeg\code\src\xviewer\xviewer\debug\moc\moc_xcamera_widget.cpp
d:\cppsoft\ffmpeg\code\src\xviewer\xviewer\debug\xviewer.res
d:\cppsoft\ffmpeg\code\src\xviewer\xviewer\debug\rcc\qrc_xviewer.cpp
d:\cppsoft\ffmpeg\code\src\xviewer\xviewer\debug\uic\ui_xplayvideo.h
d:\cppsoft\ffmpeg\code\src\xviewer\xviewer\debug\uic\ui_xviewer.h
d:\cppsoft\ffmpeg\code\src\xviewer\xviewer\debug\xviewer.ilk
d:\cppsoft\ffmpeg\code\src\xviewer\xviewer\debug\xviewer.tlog\cl.command.1.tlog
d:\cppsoft\ffmpeg\code\src\xviewer\xviewer\debug\xviewer.tlog\cl.items.tlog
d:\cppsoft\ffmpeg\code\src\xviewer\xviewer\debug\xviewer.tlog\cl.read.1.tlog
d:\cppsoft\ffmpeg\code\src\xviewer\xviewer\debug\xviewer.tlog\cl.write.1.tlog
d:\cppsoft\ffmpeg\code\src\xviewer\xviewer\debug\xviewer.tlog\link.command.1.tlog
d:\cppsoft\ffmpeg\code\src\xviewer\xviewer\debug\xviewer.tlog\link.read.1.tlog
d:\cppsoft\ffmpeg\code\src\xviewer\xviewer\debug\xviewer.tlog\link.secondary.1.tlog
d:\cppsoft\ffmpeg\code\src\xviewer\xviewer\debug\xviewer.tlog\link.write.1.tlog
d:\cppsoft\ffmpeg\code\src\xviewer\xviewer\debug\xviewer.tlog\moc.read.1u.tlog
d:\cppsoft\ffmpeg\code\src\xviewer\xviewer\debug\xviewer.tlog\moc.write.1u.tlog
d:\cppsoft\ffmpeg\code\src\xviewer\xviewer\debug\xviewer.tlog\rc.command.1.tlog
d:\cppsoft\ffmpeg\code\src\xviewer\xviewer\debug\xviewer.tlog\rc.read.1.tlog
d:\cppsoft\ffmpeg\code\src\xviewer\xviewer\debug\xviewer.tlog\rc.write.1.tlog
d:\cppsoft\ffmpeg\code\src\xviewer\xviewer\debug\xviewer.tlog\rcc.read.1u.tlog
d:\cppsoft\ffmpeg\code\src\xviewer\xviewer\debug\xviewer.tlog\rcc.write.1u.tlog
d:\cppsoft\ffmpeg\code\src\xviewer\xviewer\debug\xviewer.tlog\uic.read.1u.tlog
d:\cppsoft\ffmpeg\code\src\xviewer\xviewer\debug\xviewer.tlog\uic.write.1u.tlog
d:\cppsoft\ffmpeg\code\src\xviewer\xviewer\debug\xviewer.tlog\xviewer.write.1u.tlog
