D:\visualStudio2022\MSBuild\Microsoft\VC\v170\Microsoft.CppBuild.targets(517,5): warning MSB8004: Output 目录未以斜杠结尾。  此生成实例将添加斜杠，因为必须有这个斜杠才能正确计算 Output 目录。
  XSDL.cpp
D:\cppsoft\ffmpeg\code\src\xcodec\xtools.h(95,17): warning C4251: “XThread::th_”:“std::thread”需要有 dll 接口以供“XThread”的客户端使用
  (编译源文件“XSDL.cpp”)
      D:\visualStudio2022\VC\Tools\MSVC\14.41.34120\include\thread(42,19):
      参见“std::thread”的声明
  
D:\cppsoft\ffmpeg\code\src\xcodec\xtools.h(96,16): warning C4251: “XThread::m_”:“std::mutex”需要有 dll 接口以供“XThread”的客户端使用
  (编译源文件“XSDL.cpp”)
      D:\visualStudio2022\VC\Tools\MSVC\14.41.34120\include\mutex(98,19):
      参见“std::mutex”的声明
  
D:\cppsoft\ffmpeg\code\src\xcodec\xtools.h(131,26): warning C4251: “XAVPacketList::pkts_”:“std::list<AVPacket *,std::allocator<AVPacket *>>”需要有 dll 接口以供“XAVPacketList”的客户端使用
  (编译源文件“XSDL.cpp”)
      D:\visualStudio2022\VC\Tools\MSVC\14.41.34120\include\list(755,7):
      参见“std::list<AVPacket *,std::allocator<AVPacket *>>”的声明
  
D:\cppsoft\ffmpeg\code\src\xcodec\xtools.h(133,16): warning C4251: “XAVPacketList::mux_”:“std::mutex”需要有 dll 接口以供“XAVPacketList”的客户端使用
  (编译源文件“XSDL.cpp”)
      D:\visualStudio2022\VC\Tools\MSVC\14.41.34120\include\mutex(98,19):
      参见“std::mutex”的声明
  
D:\cppsoft\ffmpeg\code\src\xcodec\xvideo_view.h(86,16): warning C4251: “XVideoView::mtx_”:“std::mutex”需要有 dll 接口以供“XVideoView”的客户端使用
  (编译源文件“XSDL.cpp”)
      D:\visualStudio2022\VC\Tools\MSVC\14.41.34120\include\mutex(98,19):
      参见“std::mutex”的声明
  
D:\cppsoft\ffmpeg\code\src\xcodec\xvideo_view.h(93,19): warning C4251: “XVideoView::ifs_”:“std::basic_ifstream<char,std::char_traits<char>>”需要有 dll 接口以供“XVideoView”的客户端使用
  (编译源文件“XSDL.cpp”)
      D:\visualStudio2022\VC\Tools\MSVC\14.41.34120\include\fstream(23,7):
      参见“std::basic_ifstream<char,std::char_traits<char>>”的声明
  
    正在创建库 ..\..\bin\x86\xcodec.lib 和对象 ..\..\bin\x86\xcodec.exp
  正在生成代码
  Previous IPDB not found, fall back to full compilation.
  All 614 functions were compiled because no usable IPDB/IOBJ from previous compilation was found.
  已完成代码的生成
  xcodec.vcxproj -> D:\cppsoft\ffmpeg\code\bin\x86\xcodec.dll
