D:\visualStudio2022\MSBuild\Microsoft\VC\v170\Microsoft.CppBuild.targets(517,5): warning MSB8004: Output 目录未以斜杠结尾。  此生成实例将添加斜杠，因为必须有这个斜杠才能正确计算 Output 目录。
  xaudio_play.cpp
D:\cppsoft\ffmpeg\code\src\xcodec\xtools.h(98,17): warning C4251: “XThread::th_”:“std::thread”需要有 dll 接口以供“XThread”的客户端使用
  (编译源文件“xaudio_play.cpp”)
      D:\visualStudio2022\VC\Tools\MSVC\14.41.34120\include\thread(42,19):
      参见“std::thread”的声明
  
D:\cppsoft\ffmpeg\code\src\xcodec\xtools.h(99,16): warning C4251: “XThread::m_”:“std::mutex”需要有 dll 接口以供“XThread”的客户端使用
  (编译源文件“xaudio_play.cpp”)
      D:\visualStudio2022\VC\Tools\MSVC\14.41.34120\include\mutex(98,19):
      参见“std::mutex”的声明
  
D:\cppsoft\ffmpeg\code\src\xcodec\xtools.h(135,26): warning C4251: “XAVPacketList::pkts_”:“std::list<AVPacket *,std::allocator<AVPacket *>>”需要有 dll 接口以供“XAVPacketList”的客户端使用
  (编译源文件“xaudio_play.cpp”)
      D:\visualStudio2022\VC\Tools\MSVC\14.41.34120\include\list(755,7):
      参见“std::list<AVPacket *,std::allocator<AVPacket *>>”的声明
  
D:\cppsoft\ffmpeg\code\src\xcodec\xtools.h(137,16): warning C4251: “XAVPacketList::mux_”:“std::mutex”需要有 dll 接口以供“XAVPacketList”的客户端使用
  (编译源文件“xaudio_play.cpp”)
      D:\visualStudio2022\VC\Tools\MSVC\14.41.34120\include\mutex(98,19):
      参见“std::mutex”的声明
  
D:\cppsoft\ffmpeg\code\src\xcodec\xaudio_play.h(116,19): warning C4251: “XAudioPlay::audio_datas_”:“std::list<XData,std::allocator<XData>>”需要有 dll 接口以供“XAudioPlay”的客户端使用
  (编译源文件“xaudio_play.cpp”)
      D:\visualStudio2022\VC\Tools\MSVC\14.41.34120\include\list(755,7):
      参见“std::list<XData,std::allocator<XData>>”的声明
  
D:\cppsoft\ffmpeg\code\src\xcodec\xaudio_play.h(117,13): warning C4251: “XAudioPlay::mux_”:“std::mutex”需要有 dll 接口以供“XAudioPlay”的客户端使用
  (编译源文件“xaudio_play.cpp”)
      D:\visualStudio2022\VC\Tools\MSVC\14.41.34120\include\mutex(98,19):
      参见“std::mutex”的声明
  
D:\cppsoft\ffmpeg\code\src\xcodec\xaudio_play.h(97,16): warning C4244: “*=”: 从“float”转换到“int”，可能丢失数据
  (编译源文件“xaudio_play.cpp”)
  
D:\cppsoft\ffmpeg\code\include\libavutil\rational.h(1,1): warning C4819: 该文件包含不能在当前代码页(936)中表示的字符。请将该文件保存为 Unicode 格式以防止数据丢失
  (编译源文件“xaudio_play.cpp”)
  
D:\cppsoft\ffmpeg\code\src\xcodec\xaudio_play.cpp(61,28): warning C4018: “>=”: 有符号/无符号不匹配
D:\cppsoft\ffmpeg\code\src\xcodec\xaudio_play.cpp(75,26): warning C4244: “=”: 从“__int64”转换到“double”，可能丢失数据
D:\cppsoft\ffmpeg\code\src\xcodec\xaudio_play.cpp(81,25): warning C4244: “return”: 从“double”转换到“__int64”，可能丢失数据
  xcodec.cpp
D:\cppsoft\ffmpeg\code\src\xcodec\xtools.h(98,17): warning C4251: “XThread::th_”:“std::thread”需要有 dll 接口以供“XThread”的客户端使用
  (编译源文件“xcodec.cpp”)
      D:\visualStudio2022\VC\Tools\MSVC\14.41.34120\include\thread(42,19):
      参见“std::thread”的声明
  
D:\cppsoft\ffmpeg\code\src\xcodec\xtools.h(99,16): warning C4251: “XThread::m_”:“std::mutex”需要有 dll 接口以供“XThread”的客户端使用
  (编译源文件“xcodec.cpp”)
      D:\visualStudio2022\VC\Tools\MSVC\14.41.34120\include\mutex(98,19):
      参见“std::mutex”的声明
  
D:\cppsoft\ffmpeg\code\src\xcodec\xtools.h(135,26): warning C4251: “XAVPacketList::pkts_”:“std::list<AVPacket *,std::allocator<AVPacket *>>”需要有 dll 接口以供“XAVPacketList”的客户端使用
  (编译源文件“xcodec.cpp”)
      D:\visualStudio2022\VC\Tools\MSVC\14.41.34120\include\list(755,7):
      参见“std::list<AVPacket *,std::allocator<AVPacket *>>”的声明
  
D:\cppsoft\ffmpeg\code\src\xcodec\xtools.h(137,16): warning C4251: “XAVPacketList::mux_”:“std::mutex”需要有 dll 接口以供“XAVPacketList”的客户端使用
  (编译源文件“xcodec.cpp”)
      D:\visualStudio2022\VC\Tools\MSVC\14.41.34120\include\mutex(98,19):
      参见“std::mutex”的声明
  
D:\cppsoft\ffmpeg\code\src\xcodec\xcodec.h(40,16): warning C4251: “XCodec::mux_”:“std::mutex”需要有 dll 接口以供“XCodec”的客户端使用
  (编译源文件“xcodec.cpp”)
      D:\visualStudio2022\VC\Tools\MSVC\14.41.34120\include\mutex(98,19):
      参见“std::mutex”的声明
  
D:\cppsoft\ffmpeg\code\include\libavutil\rational.h(1,1): warning C4819: 该文件包含不能在当前代码页(936)中表示的字符。请将该文件保存为 Unicode 格式以防止数据丢失
  (编译源文件“xcodec.cpp”)
  
  xdecode.cpp
D:\cppsoft\ffmpeg\code\src\xcodec\xtools.h(98,17): warning C4251: “XThread::th_”:“std::thread”需要有 dll 接口以供“XThread”的客户端使用
  (编译源文件“xdecode.cpp”)
      D:\visualStudio2022\VC\Tools\MSVC\14.41.34120\include\thread(42,19):
      参见“std::thread”的声明
  
D:\cppsoft\ffmpeg\code\src\xcodec\xtools.h(99,16): warning C4251: “XThread::m_”:“std::mutex”需要有 dll 接口以供“XThread”的客户端使用
  (编译源文件“xdecode.cpp”)
      D:\visualStudio2022\VC\Tools\MSVC\14.41.34120\include\mutex(98,19):
      参见“std::mutex”的声明
  
D:\cppsoft\ffmpeg\code\src\xcodec\xtools.h(135,26): warning C4251: “XAVPacketList::pkts_”:“std::list<AVPacket *,std::allocator<AVPacket *>>”需要有 dll 接口以供“XAVPacketList”的客户端使用
  (编译源文件“xdecode.cpp”)
      D:\visualStudio2022\VC\Tools\MSVC\14.41.34120\include\list(755,7):
      参见“std::list<AVPacket *,std::allocator<AVPacket *>>”的声明
  
D:\cppsoft\ffmpeg\code\src\xcodec\xtools.h(137,16): warning C4251: “XAVPacketList::mux_”:“std::mutex”需要有 dll 接口以供“XAVPacketList”的客户端使用
  (编译源文件“xdecode.cpp”)
      D:\visualStudio2022\VC\Tools\MSVC\14.41.34120\include\mutex(98,19):
      参见“std::mutex”的声明
  
D:\cppsoft\ffmpeg\code\src\xcodec\xcodec.h(40,16): warning C4251: “XCodec::mux_”:“std::mutex”需要有 dll 接口以供“XCodec”的客户端使用
  (编译源文件“xdecode.cpp”)
      D:\visualStudio2022\VC\Tools\MSVC\14.41.34120\include\mutex(98,19):
      参见“std::mutex”的声明
  
D:\cppsoft\ffmpeg\code\include\libavutil\rational.h(1,1): warning C4819: 该文件包含不能在当前代码页(936)中表示的字符。请将该文件保存为 Unicode 格式以防止数据丢失
  (编译源文件“xdecode.cpp”)
  
  xdecode_task.cpp
D:\cppsoft\ffmpeg\code\src\xcodec\xtools.h(98,17): warning C4251: “XThread::th_”:“std::thread”需要有 dll 接口以供“XThread”的客户端使用
  (编译源文件“xdecode_task.cpp”)
      D:\visualStudio2022\VC\Tools\MSVC\14.41.34120\include\thread(42,19):
      参见“std::thread”的声明
  
D:\cppsoft\ffmpeg\code\src\xcodec\xtools.h(99,16): warning C4251: “XThread::m_”:“std::mutex”需要有 dll 接口以供“XThread”的客户端使用
  (编译源文件“xdecode_task.cpp”)
      D:\visualStudio2022\VC\Tools\MSVC\14.41.34120\include\mutex(98,19):
      参见“std::mutex”的声明
  
D:\cppsoft\ffmpeg\code\src\xcodec\xtools.h(135,26): warning C4251: “XAVPacketList::pkts_”:“std::list<AVPacket *,std::allocator<AVPacket *>>”需要有 dll 接口以供“XAVPacketList”的客户端使用
  (编译源文件“xdecode_task.cpp”)
      D:\visualStudio2022\VC\Tools\MSVC\14.41.34120\include\list(755,7):
      参见“std::list<AVPacket *,std::allocator<AVPacket *>>”的声明
  
D:\cppsoft\ffmpeg\code\src\xcodec\xtools.h(137,16): warning C4251: “XAVPacketList::mux_”:“std::mutex”需要有 dll 接口以供“XAVPacketList”的客户端使用
  (编译源文件“xdecode_task.cpp”)
      D:\visualStudio2022\VC\Tools\MSVC\14.41.34120\include\mutex(98,19):
      参见“std::mutex”的声明
  
D:\cppsoft\ffmpeg\code\src\xcodec\xcodec.h(40,16): warning C4251: “XCodec::mux_”:“std::mutex”需要有 dll 接口以供“XCodec”的客户端使用
  (编译源文件“xdecode_task.cpp”)
      D:\visualStudio2022\VC\Tools\MSVC\14.41.34120\include\mutex(98,19):
      参见“std::mutex”的声明
  
D:\cppsoft\ffmpeg\code\src\xcodec\xdecode_task.h(36,16): warning C4251: “XDecodeTask::mux_”:“std::mutex”需要有 dll 接口以供“XDecodeTask”的客户端使用
  (编译源文件“xdecode_task.cpp”)
      D:\visualStudio2022\VC\Tools\MSVC\14.41.34120\include\mutex(98,19):
      参见“std::mutex”的声明
  
D:\cppsoft\ffmpeg\code\src\xcodec\xdecode_task.h(41,25): warning C4251: “XDecodeTask::frames_”:“std::list<AVFrame *,std::allocator<AVFrame *>>”需要有 dll 接口以供“XDecodeTask”的客户端使用
  (编译源文件“xdecode_task.cpp”)
      D:\visualStudio2022\VC\Tools\MSVC\14.41.34120\include\list(755,7):
      参见“std::list<AVFrame *,std::allocator<AVFrame *>>”的声明
  
D:\cppsoft\ffmpeg\code\include\libavutil\rational.h(1,1): warning C4819: 该文件包含不能在当前代码页(936)中表示的字符。请将该文件保存为 Unicode 格式以防止数据丢失
  (编译源文件“xdecode_task.cpp”)
  
  xdemux.cpp
D:\cppsoft\ffmpeg\code\src\xcodec\xtools.h(98,17): warning C4251: “XThread::th_”:“std::thread”需要有 dll 接口以供“XThread”的客户端使用
  (编译源文件“xdemux.cpp”)
      D:\visualStudio2022\VC\Tools\MSVC\14.41.34120\include\thread(42,19):
      参见“std::thread”的声明
  
D:\cppsoft\ffmpeg\code\src\xcodec\xtools.h(99,16): warning C4251: “XThread::m_”:“std::mutex”需要有 dll 接口以供“XThread”的客户端使用
  (编译源文件“xdemux.cpp”)
      D:\visualStudio2022\VC\Tools\MSVC\14.41.34120\include\mutex(98,19):
      参见“std::mutex”的声明
  
D:\cppsoft\ffmpeg\code\src\xcodec\xtools.h(135,26): warning C4251: “XAVPacketList::pkts_”:“std::list<AVPacket *,std::allocator<AVPacket *>>”需要有 dll 接口以供“XAVPacketList”的客户端使用
  (编译源文件“xdemux.cpp”)
      D:\visualStudio2022\VC\Tools\MSVC\14.41.34120\include\list(755,7):
      参见“std::list<AVPacket *,std::allocator<AVPacket *>>”的声明
  
D:\cppsoft\ffmpeg\code\src\xcodec\xtools.h(137,16): warning C4251: “XAVPacketList::mux_”:“std::mutex”需要有 dll 接口以供“XAVPacketList”的客户端使用
  (编译源文件“xdemux.cpp”)
      D:\visualStudio2022\VC\Tools\MSVC\14.41.34120\include\mutex(98,19):
      参见“std::mutex”的声明
  
D:\cppsoft\ffmpeg\code\src\xcodec\xformat.h(72,16): warning C4251: “XFormat::mux_”:“std::mutex”需要有 dll 接口以供“XFormat”的客户端使用
  (编译源文件“xdemux.cpp”)
      D:\visualStudio2022\VC\Tools\MSVC\14.41.34120\include\mutex(98,19):
      参见“std::mutex”的声明
  
D:\cppsoft\ffmpeg\code\include\libavutil\rational.h(1,1): warning C4819: 该文件包含不能在当前代码页(936)中表示的字符。请将该文件保存为 Unicode 格式以防止数据丢失
  (编译源文件“xdemux.cpp”)
  
  xdemux_task.cpp
D:\cppsoft\ffmpeg\code\src\xcodec\xtools.h(98,17): warning C4251: “XThread::th_”:“std::thread”需要有 dll 接口以供“XThread”的客户端使用
  (编译源文件“xdemux_task.cpp”)
      D:\visualStudio2022\VC\Tools\MSVC\14.41.34120\include\thread(42,19):
      参见“std::thread”的声明
  
D:\cppsoft\ffmpeg\code\src\xcodec\xtools.h(99,16): warning C4251: “XThread::m_”:“std::mutex”需要有 dll 接口以供“XThread”的客户端使用
  (编译源文件“xdemux_task.cpp”)
      D:\visualStudio2022\VC\Tools\MSVC\14.41.34120\include\mutex(98,19):
      参见“std::mutex”的声明
  
D:\cppsoft\ffmpeg\code\src\xcodec\xtools.h(135,26): warning C4251: “XAVPacketList::pkts_”:“std::list<AVPacket *,std::allocator<AVPacket *>>”需要有 dll 接口以供“XAVPacketList”的客户端使用
  (编译源文件“xdemux_task.cpp”)
      D:\visualStudio2022\VC\Tools\MSVC\14.41.34120\include\list(755,7):
      参见“std::list<AVPacket *,std::allocator<AVPacket *>>”的声明
  
D:\cppsoft\ffmpeg\code\src\xcodec\xtools.h(137,16): warning C4251: “XAVPacketList::mux_”:“std::mutex”需要有 dll 接口以供“XAVPacketList”的客户端使用
  (编译源文件“xdemux_task.cpp”)
      D:\visualStudio2022\VC\Tools\MSVC\14.41.34120\include\mutex(98,19):
      参见“std::mutex”的声明
  
D:\cppsoft\ffmpeg\code\src\xcodec\xformat.h(72,16): warning C4251: “XFormat::mux_”:“std::mutex”需要有 dll 接口以供“XFormat”的客户端使用
  (编译源文件“xdemux_task.cpp”)
      D:\visualStudio2022\VC\Tools\MSVC\14.41.34120\include\mutex(98,19):
      参见“std::mutex”的声明
  
D:\cppsoft\ffmpeg\code\src\xcodec\xdemux_task.h(34,17): warning C4251: “XDemuxTask::url_”:“std::basic_string<char,std::char_traits<char>,std::allocator<char>>”需要有 dll 接口以供“XDemuxTask”的客户端使用
  (编译源文件“xdemux_task.cpp”)
      D:\visualStudio2022\VC\Tools\MSVC\14.41.34120\include\xstring(527,7):
      参见“std::basic_string<char,std::char_traits<char>,std::allocator<char>>”的声明
  
D:\cppsoft\ffmpeg\code\include\libavutil\rational.h(1,1): warning C4819: 该文件包含不能在当前代码页(936)中表示的字符。请将该文件保存为 Unicode 格式以防止数据丢失
  (编译源文件“xdemux_task.cpp”)
  
D:\cppsoft\ffmpeg\code\src\xcodec\xdemux_task.cpp(45,20): warning C4244: “参数”: 从“__int64”转换到“unsigned int”，可能丢失数据
  xencode.cpp
D:\cppsoft\ffmpeg\code\src\xcodec\xtools.h(98,17): warning C4251: “XThread::th_”:“std::thread”需要有 dll 接口以供“XThread”的客户端使用
  (编译源文件“xencode.cpp”)
      D:\visualStudio2022\VC\Tools\MSVC\14.41.34120\include\thread(42,19):
      参见“std::thread”的声明
  
D:\cppsoft\ffmpeg\code\src\xcodec\xtools.h(99,16): warning C4251: “XThread::m_”:“std::mutex”需要有 dll 接口以供“XThread”的客户端使用
  (编译源文件“xencode.cpp”)
      D:\visualStudio2022\VC\Tools\MSVC\14.41.34120\include\mutex(98,19):
      参见“std::mutex”的声明
  
D:\cppsoft\ffmpeg\code\src\xcodec\xtools.h(135,26): warning C4251: “XAVPacketList::pkts_”:“std::list<AVPacket *,std::allocator<AVPacket *>>”需要有 dll 接口以供“XAVPacketList”的客户端使用
  (编译源文件“xencode.cpp”)
      D:\visualStudio2022\VC\Tools\MSVC\14.41.34120\include\list(755,7):
      参见“std::list<AVPacket *,std::allocator<AVPacket *>>”的声明
  
D:\cppsoft\ffmpeg\code\src\xcodec\xtools.h(137,16): warning C4251: “XAVPacketList::mux_”:“std::mutex”需要有 dll 接口以供“XAVPacketList”的客户端使用
  (编译源文件“xencode.cpp”)
      D:\visualStudio2022\VC\Tools\MSVC\14.41.34120\include\mutex(98,19):
      参见“std::mutex”的声明
  
D:\cppsoft\ffmpeg\code\src\xcodec\xcodec.h(40,16): warning C4251: “XCodec::mux_”:“std::mutex”需要有 dll 接口以供“XCodec”的客户端使用
  (编译源文件“xencode.cpp”)
      D:\visualStudio2022\VC\Tools\MSVC\14.41.34120\include\mutex(98,19):
      参见“std::mutex”的声明
  
D:\cppsoft\ffmpeg\code\include\libavutil\rational.h(1,1): warning C4819: 该文件包含不能在当前代码页(936)中表示的字符。请将该文件保存为 Unicode 格式以防止数据丢失
  (编译源文件“xencode.cpp”)
  
  xformat.cpp
D:\cppsoft\ffmpeg\code\src\xcodec\xtools.h(98,17): warning C4251: “XThread::th_”:“std::thread”需要有 dll 接口以供“XThread”的客户端使用
  (编译源文件“xformat.cpp”)
      D:\visualStudio2022\VC\Tools\MSVC\14.41.34120\include\thread(42,19):
      参见“std::thread”的声明
  
D:\cppsoft\ffmpeg\code\src\xcodec\xtools.h(99,16): warning C4251: “XThread::m_”:“std::mutex”需要有 dll 接口以供“XThread”的客户端使用
  (编译源文件“xformat.cpp”)
      D:\visualStudio2022\VC\Tools\MSVC\14.41.34120\include\mutex(98,19):
      参见“std::mutex”的声明
  
D:\cppsoft\ffmpeg\code\src\xcodec\xtools.h(135,26): warning C4251: “XAVPacketList::pkts_”:“std::list<AVPacket *,std::allocator<AVPacket *>>”需要有 dll 接口以供“XAVPacketList”的客户端使用
  (编译源文件“xformat.cpp”)
      D:\visualStudio2022\VC\Tools\MSVC\14.41.34120\include\list(755,7):
      参见“std::list<AVPacket *,std::allocator<AVPacket *>>”的声明
  
D:\cppsoft\ffmpeg\code\src\xcodec\xtools.h(137,16): warning C4251: “XAVPacketList::mux_”:“std::mutex”需要有 dll 接口以供“XAVPacketList”的客户端使用
  (编译源文件“xformat.cpp”)
      D:\visualStudio2022\VC\Tools\MSVC\14.41.34120\include\mutex(98,19):
      参见“std::mutex”的声明
  
D:\cppsoft\ffmpeg\code\src\xcodec\xformat.h(72,16): warning C4251: “XFormat::mux_”:“std::mutex”需要有 dll 接口以供“XFormat”的客户端使用
  (编译源文件“xformat.cpp”)
      D:\visualStudio2022\VC\Tools\MSVC\14.41.34120\include\mutex(98,19):
      参见“std::mutex”的声明
  
D:\cppsoft\ffmpeg\code\include\libavutil\rational.h(1,1): warning C4819: 该文件包含不能在当前代码页(936)中表示的字符。请将该文件保存为 Unicode 格式以防止数据丢失
  (编译源文件“xformat.cpp”)
  
D:\cppsoft\ffmpeg\code\src\xcodec\xformat.cpp(64,23): warning C4018: “<”: 有符号/无符号不匹配
D:\cppsoft\ffmpeg\code\src\xcodec\xformat.cpp(116,39): warning C4018: “>”: 有符号/无符号不匹配
D:\cppsoft\ffmpeg\code\src\xcodec\xformat.cpp(139,39): warning C4018: “>”: 有符号/无符号不匹配
D:\cppsoft\ffmpeg\code\src\xcodec\xformat.cpp(175,35): warning C4018: “>”: 有符号/无符号不匹配
  xmux.cpp
D:\cppsoft\ffmpeg\code\src\xcodec\xtools.h(98,17): warning C4251: “XThread::th_”:“std::thread”需要有 dll 接口以供“XThread”的客户端使用
  (编译源文件“xmux.cpp”)
      D:\visualStudio2022\VC\Tools\MSVC\14.41.34120\include\thread(42,19):
      参见“std::thread”的声明
  
D:\cppsoft\ffmpeg\code\src\xcodec\xtools.h(99,16): warning C4251: “XThread::m_”:“std::mutex”需要有 dll 接口以供“XThread”的客户端使用
  (编译源文件“xmux.cpp”)
      D:\visualStudio2022\VC\Tools\MSVC\14.41.34120\include\mutex(98,19):
      参见“std::mutex”的声明
  
D:\cppsoft\ffmpeg\code\src\xcodec\xtools.h(135,26): warning C4251: “XAVPacketList::pkts_”:“std::list<AVPacket *,std::allocator<AVPacket *>>”需要有 dll 接口以供“XAVPacketList”的客户端使用
  (编译源文件“xmux.cpp”)
      D:\visualStudio2022\VC\Tools\MSVC\14.41.34120\include\list(755,7):
      参见“std::list<AVPacket *,std::allocator<AVPacket *>>”的声明
  
D:\cppsoft\ffmpeg\code\src\xcodec\xtools.h(137,16): warning C4251: “XAVPacketList::mux_”:“std::mutex”需要有 dll 接口以供“XAVPacketList”的客户端使用
  (编译源文件“xmux.cpp”)
      D:\visualStudio2022\VC\Tools\MSVC\14.41.34120\include\mutex(98,19):
      参见“std::mutex”的声明
  
D:\cppsoft\ffmpeg\code\src\xcodec\xformat.h(72,16): warning C4251: “XFormat::mux_”:“std::mutex”需要有 dll 接口以供“XFormat”的客户端使用
  (编译源文件“xmux.cpp”)
      D:\visualStudio2022\VC\Tools\MSVC\14.41.34120\include\mutex(98,19):
      参见“std::mutex”的声明
  
D:\cppsoft\ffmpeg\code\include\libavutil\rational.h(1,1): warning C4819: 该文件包含不能在当前代码页(936)中表示的字符。请将该文件保存为 Unicode 格式以防止数据丢失
  (编译源文件“xmux.cpp”)
  
  xmux_task.cpp
D:\cppsoft\ffmpeg\code\src\xcodec\xtools.h(98,17): warning C4251: “XThread::th_”:“std::thread”需要有 dll 接口以供“XThread”的客户端使用
  (编译源文件“xmux_task.cpp”)
      D:\visualStudio2022\VC\Tools\MSVC\14.41.34120\include\thread(42,19):
      参见“std::thread”的声明
  
D:\cppsoft\ffmpeg\code\src\xcodec\xtools.h(99,16): warning C4251: “XThread::m_”:“std::mutex”需要有 dll 接口以供“XThread”的客户端使用
  (编译源文件“xmux_task.cpp”)
      D:\visualStudio2022\VC\Tools\MSVC\14.41.34120\include\mutex(98,19):
      参见“std::mutex”的声明
  
D:\cppsoft\ffmpeg\code\src\xcodec\xtools.h(135,26): warning C4251: “XAVPacketList::pkts_”:“std::list<AVPacket *,std::allocator<AVPacket *>>”需要有 dll 接口以供“XAVPacketList”的客户端使用
  (编译源文件“xmux_task.cpp”)
      D:\visualStudio2022\VC\Tools\MSVC\14.41.34120\include\list(755,7):
      参见“std::list<AVPacket *,std::allocator<AVPacket *>>”的声明
  
D:\cppsoft\ffmpeg\code\src\xcodec\xtools.h(137,16): warning C4251: “XAVPacketList::mux_”:“std::mutex”需要有 dll 接口以供“XAVPacketList”的客户端使用
  (编译源文件“xmux_task.cpp”)
      D:\visualStudio2022\VC\Tools\MSVC\14.41.34120\include\mutex(98,19):
      参见“std::mutex”的声明
  
D:\cppsoft\ffmpeg\code\src\xcodec\xformat.h(72,16): warning C4251: “XFormat::mux_”:“std::mutex”需要有 dll 接口以供“XFormat”的客户端使用
  (编译源文件“xmux_task.cpp”)
      D:\visualStudio2022\VC\Tools\MSVC\14.41.34120\include\mutex(98,19):
      参见“std::mutex”的声明
  
D:\cppsoft\ffmpeg\code\src\xcodec\xmux_task.h(29,16): warning C4251: “XMuxTask::mux_”:“std::mutex”需要有 dll 接口以供“XMuxTask”的客户端使用
  (编译源文件“xmux_task.cpp”)
      D:\visualStudio2022\VC\Tools\MSVC\14.41.34120\include\mutex(98,19):
      参见“std::mutex”的声明
  
D:\cppsoft\ffmpeg\code\include\libavutil\rational.h(1,1): warning C4819: 该文件包含不能在当前代码页(936)中表示的字符。请将该文件保存为 Unicode 格式以防止数据丢失
  (编译源文件“xmux_task.cpp”)
  
  xplayer.cpp
D:\cppsoft\ffmpeg\code\src\xcodec\xtools.h(98,17): warning C4251: “XThread::th_”:“std::thread”需要有 dll 接口以供“XThread”的客户端使用
  (编译源文件“xplayer.cpp”)
      D:\visualStudio2022\VC\Tools\MSVC\14.41.34120\include\thread(42,19):
      参见“std::thread”的声明
  
D:\cppsoft\ffmpeg\code\src\xcodec\xtools.h(99,16): warning C4251: “XThread::m_”:“std::mutex”需要有 dll 接口以供“XThread”的客户端使用
  (编译源文件“xplayer.cpp”)
      D:\visualStudio2022\VC\Tools\MSVC\14.41.34120\include\mutex(98,19):
      参见“std::mutex”的声明
  
D:\cppsoft\ffmpeg\code\src\xcodec\xtools.h(135,26): warning C4251: “XAVPacketList::pkts_”:“std::list<AVPacket *,std::allocator<AVPacket *>>”需要有 dll 接口以供“XAVPacketList”的客户端使用
  (编译源文件“xplayer.cpp”)
      D:\visualStudio2022\VC\Tools\MSVC\14.41.34120\include\list(755,7):
      参见“std::list<AVPacket *,std::allocator<AVPacket *>>”的声明
  
D:\cppsoft\ffmpeg\code\src\xcodec\xtools.h(137,16): warning C4251: “XAVPacketList::mux_”:“std::mutex”需要有 dll 接口以供“XAVPacketList”的客户端使用
  (编译源文件“xplayer.cpp”)
      D:\visualStudio2022\VC\Tools\MSVC\14.41.34120\include\mutex(98,19):
      参见“std::mutex”的声明
  
D:\cppsoft\ffmpeg\code\src\xcodec\xformat.h(72,16): warning C4251: “XFormat::mux_”:“std::mutex”需要有 dll 接口以供“XFormat”的客户端使用
  (编译源文件“xplayer.cpp”)
      D:\visualStudio2022\VC\Tools\MSVC\14.41.34120\include\mutex(98,19):
      参见“std::mutex”的声明
  
D:\cppsoft\ffmpeg\code\src\xcodec\xdemux_task.h(34,17): warning C4251: “XDemuxTask::url_”:“std::basic_string<char,std::char_traits<char>,std::allocator<char>>”需要有 dll 接口以供“XDemuxTask”的客户端使用
  (编译源文件“xplayer.cpp”)
      D:\visualStudio2022\VC\Tools\MSVC\14.41.34120\include\xstring(527,7):
      参见“std::basic_string<char,std::char_traits<char>,std::allocator<char>>”的声明
  
D:\cppsoft\ffmpeg\code\src\xcodec\xcodec.h(40,16): warning C4251: “XCodec::mux_”:“std::mutex”需要有 dll 接口以供“XCodec”的客户端使用
  (编译源文件“xplayer.cpp”)
      D:\visualStudio2022\VC\Tools\MSVC\14.41.34120\include\mutex(98,19):
      参见“std::mutex”的声明
  
D:\cppsoft\ffmpeg\code\src\xcodec\xdecode_task.h(36,16): warning C4251: “XDecodeTask::mux_”:“std::mutex”需要有 dll 接口以供“XDecodeTask”的客户端使用
  (编译源文件“xplayer.cpp”)
      D:\visualStudio2022\VC\Tools\MSVC\14.41.34120\include\mutex(98,19):
      参见“std::mutex”的声明
  
D:\cppsoft\ffmpeg\code\src\xcodec\xdecode_task.h(41,25): warning C4251: “XDecodeTask::frames_”:“std::list<AVFrame *,std::allocator<AVFrame *>>”需要有 dll 接口以供“XDecodeTask”的客户端使用
  (编译源文件“xplayer.cpp”)
      D:\visualStudio2022\VC\Tools\MSVC\14.41.34120\include\list(755,7):
      参见“std::list<AVFrame *,std::allocator<AVFrame *>>”的声明
  
D:\cppsoft\ffmpeg\code\src\xcodec\xvideo_view.h(86,16): warning C4251: “XVideoView::mtx_”:“std::mutex”需要有 dll 接口以供“XVideoView”的客户端使用
  (编译源文件“xplayer.cpp”)
      D:\visualStudio2022\VC\Tools\MSVC\14.41.34120\include\mutex(98,19):
      参见“std::mutex”的声明
  
D:\cppsoft\ffmpeg\code\src\xcodec\xvideo_view.h(93,19): warning C4251: “XVideoView::ifs_”:“std::basic_ifstream<char,std::char_traits<char>>”需要有 dll 接口以供“XVideoView”的客户端使用
  (编译源文件“xplayer.cpp”)
      D:\visualStudio2022\VC\Tools\MSVC\14.41.34120\include\fstream(23,7):
      参见“std::basic_ifstream<char,std::char_traits<char>>”的声明
  
D:\cppsoft\ffmpeg\code\src\xcodec\xaudio_play.h(116,19): warning C4251: “XAudioPlay::audio_datas_”:“std::list<XData,std::allocator<XData>>”需要有 dll 接口以供“XAudioPlay”的客户端使用
  (编译源文件“xplayer.cpp”)
      D:\visualStudio2022\VC\Tools\MSVC\14.41.34120\include\list(755,7):
      参见“std::list<XData,std::allocator<XData>>”的声明
  
D:\cppsoft\ffmpeg\code\src\xcodec\xaudio_play.h(117,13): warning C4251: “XAudioPlay::mux_”:“std::mutex”需要有 dll 接口以供“XAudioPlay”的客户端使用
  (编译源文件“xplayer.cpp”)
      D:\visualStudio2022\VC\Tools\MSVC\14.41.34120\include\mutex(98,19):
      参见“std::mutex”的声明
  
D:\cppsoft\ffmpeg\code\src\xcodec\xaudio_play.h(97,16): warning C4244: “*=”: 从“float”转换到“int”，可能丢失数据
  (编译源文件“xplayer.cpp”)
  
  XSDL.cpp
D:\cppsoft\ffmpeg\code\src\xcodec\xtools.h(98,17): warning C4251: “XThread::th_”:“std::thread”需要有 dll 接口以供“XThread”的客户端使用
  (编译源文件“XSDL.cpp”)
      D:\visualStudio2022\VC\Tools\MSVC\14.41.34120\include\thread(42,19):
      参见“std::thread”的声明
  
D:\cppsoft\ffmpeg\code\src\xcodec\xtools.h(99,16): warning C4251: “XThread::m_”:“std::mutex”需要有 dll 接口以供“XThread”的客户端使用
  (编译源文件“XSDL.cpp”)
      D:\visualStudio2022\VC\Tools\MSVC\14.41.34120\include\mutex(98,19):
      参见“std::mutex”的声明
  
D:\cppsoft\ffmpeg\code\src\xcodec\xtools.h(135,26): warning C4251: “XAVPacketList::pkts_”:“std::list<AVPacket *,std::allocator<AVPacket *>>”需要有 dll 接口以供“XAVPacketList”的客户端使用
  (编译源文件“XSDL.cpp”)
      D:\visualStudio2022\VC\Tools\MSVC\14.41.34120\include\list(755,7):
      参见“std::list<AVPacket *,std::allocator<AVPacket *>>”的声明
  
D:\cppsoft\ffmpeg\code\src\xcodec\xtools.h(137,16): warning C4251: “XAVPacketList::mux_”:“std::mutex”需要有 dll 接口以供“XAVPacketList”的客户端使用
  (编译源文件“XSDL.cpp”)
      D:\visualStudio2022\VC\Tools\MSVC\14.41.34120\include\mutex(98,19):
      参见“std::mutex”的声明
  
D:\cppsoft\ffmpeg\code\src\xcodec\xvideo_view.h(86,16): warning C4251: “XVideoView::mtx_”:“std::mutex”需要有 dll 接口以供“XVideoView”的客户端使用
  (编译源文件“XSDL.cpp”)
      D:\visualStudio2022\VC\Tools\MSVC\14.41.34120\include\mutex(98,19):
      参见“std::mutex”的声明
  
D:\cppsoft\ffmpeg\code\src\xcodec\xvideo_view.h(93,19): warning C4251: “XVideoView::ifs_”:“std::basic_ifstream<char,std::char_traits<char>>”需要有 dll 接口以供“XVideoView”的客户端使用
  (编译源文件“XSDL.cpp”)
      D:\visualStudio2022\VC\Tools\MSVC\14.41.34120\include\fstream(23,7):
      参见“std::basic_ifstream<char,std::char_traits<char>>”的声明
  
  xtools.cpp
D:\cppsoft\ffmpeg\code\src\xcodec\xtools.h(98,17): warning C4251: “XThread::th_”:“std::thread”需要有 dll 接口以供“XThread”的客户端使用
  (编译源文件“xtools.cpp”)
      D:\visualStudio2022\VC\Tools\MSVC\14.41.34120\include\thread(42,19):
      参见“std::thread”的声明
  
D:\cppsoft\ffmpeg\code\src\xcodec\xtools.h(99,16): warning C4251: “XThread::m_”:“std::mutex”需要有 dll 接口以供“XThread”的客户端使用
  (编译源文件“xtools.cpp”)
      D:\visualStudio2022\VC\Tools\MSVC\14.41.34120\include\mutex(98,19):
      参见“std::mutex”的声明
  
D:\cppsoft\ffmpeg\code\src\xcodec\xtools.h(135,26): warning C4251: “XAVPacketList::pkts_”:“std::list<AVPacket *,std::allocator<AVPacket *>>”需要有 dll 接口以供“XAVPacketList”的客户端使用
  (编译源文件“xtools.cpp”)
      D:\visualStudio2022\VC\Tools\MSVC\14.41.34120\include\list(755,7):
      参见“std::list<AVPacket *,std::allocator<AVPacket *>>”的声明
  
D:\cppsoft\ffmpeg\code\src\xcodec\xtools.h(137,16): warning C4251: “XAVPacketList::mux_”:“std::mutex”需要有 dll 接口以供“XAVPacketList”的客户端使用
  (编译源文件“xtools.cpp”)
      D:\visualStudio2022\VC\Tools\MSVC\14.41.34120\include\mutex(98,19):
      参见“std::mutex”的声明
  
D:\cppsoft\ffmpeg\code\include\libavutil\rational.h(1,1): warning C4819: 该文件包含不能在当前代码页(936)中表示的字符。请将该文件保存为 Unicode 格式以防止数据丢失
  (编译源文件“xtools.cpp”)
  
D:\cppsoft\ffmpeg\code\src\xcodec\xtools.cpp(32,23): warning C4018: “<”: 有符号/无符号不匹配
D:\cppsoft\ffmpeg\code\src\xcodec\xtools.cpp(35,55): warning C4018: “>=”: 有符号/无符号不匹配
D:\cppsoft\ffmpeg\code\src\xcodec\xtools.cpp(121,22): warning C4018: “>”: 有符号/无符号不匹配
  xvideo_view.cpp
D:\cppsoft\ffmpeg\code\src\xcodec\xtools.h(98,17): warning C4251: “XThread::th_”:“std::thread”需要有 dll 接口以供“XThread”的客户端使用
  (编译源文件“xvideo_view.cpp”)
      D:\visualStudio2022\VC\Tools\MSVC\14.41.34120\include\thread(42,19):
      参见“std::thread”的声明
  
D:\cppsoft\ffmpeg\code\src\xcodec\xtools.h(99,16): warning C4251: “XThread::m_”:“std::mutex”需要有 dll 接口以供“XThread”的客户端使用
  (编译源文件“xvideo_view.cpp”)
      D:\visualStudio2022\VC\Tools\MSVC\14.41.34120\include\mutex(98,19):
      参见“std::mutex”的声明
  
D:\cppsoft\ffmpeg\code\src\xcodec\xtools.h(135,26): warning C4251: “XAVPacketList::pkts_”:“std::list<AVPacket *,std::allocator<AVPacket *>>”需要有 dll 接口以供“XAVPacketList”的客户端使用
  (编译源文件“xvideo_view.cpp”)
      D:\visualStudio2022\VC\Tools\MSVC\14.41.34120\include\list(755,7):
      参见“std::list<AVPacket *,std::allocator<AVPacket *>>”的声明
  
D:\cppsoft\ffmpeg\code\src\xcodec\xtools.h(137,16): warning C4251: “XAVPacketList::mux_”:“std::mutex”需要有 dll 接口以供“XAVPacketList”的客户端使用
  (编译源文件“xvideo_view.cpp”)
      D:\visualStudio2022\VC\Tools\MSVC\14.41.34120\include\mutex(98,19):
      参见“std::mutex”的声明
  
D:\cppsoft\ffmpeg\code\src\xcodec\xvideo_view.h(86,16): warning C4251: “XVideoView::mtx_”:“std::mutex”需要有 dll 接口以供“XVideoView”的客户端使用
  (编译源文件“xvideo_view.cpp”)
      D:\visualStudio2022\VC\Tools\MSVC\14.41.34120\include\mutex(98,19):
      参见“std::mutex”的声明
  
D:\cppsoft\ffmpeg\code\src\xcodec\xvideo_view.h(93,19): warning C4251: “XVideoView::ifs_”:“std::basic_ifstream<char,std::char_traits<char>>”需要有 dll 接口以供“XVideoView”的客户端使用
  (编译源文件“xvideo_view.cpp”)
      D:\visualStudio2022\VC\Tools\MSVC\14.41.34120\include\fstream(23,7):
      参见“std::basic_ifstream<char,std::char_traits<char>>”的声明
  
D:\cppsoft\ffmpeg\code\include\libavutil\rational.h(1,1): warning C4819: 该文件包含不能在当前代码页(936)中表示的字符。请将该文件保存为 Unicode 格式以防止数据丢失
  (编译源文件“xvideo_view.cpp”)
  
D:\cppsoft\ffmpeg\code\src\xcodec\xvideo_view.cpp(150,43): warning C4244: “初始化”: 从“double”转换到“unsigned int”，可能丢失数据
  正在生成代码...
    正在创建库 ..\..\lib\x86\xcodec_d.lib 和对象 ..\..\lib\x86\xcodec_d.exp
  xcodec.vcxproj -> D:\cppsoft\ffmpeg\code\bin\x86\xcodec_d.dll
