d:\cppsoft\ffmpeg\code\src\xcodec\xcodec\debug\vc143.pdb
d:\cppsoft\ffmpeg\code\src\xcodec\xcodec\debug\vc143.idb
d:\cppsoft\ffmpeg\code\src\xcodec\xcodec\debug\xvideo_view.obj
d:\cppsoft\ffmpeg\code\src\xcodec\xcodec\debug\xtools.obj
d:\cppsoft\ffmpeg\code\src\xcodec\xcodec\debug\xsdl.obj
d:\cppsoft\ffmpeg\code\src\xcodec\xcodec\debug\xmux_task.obj
d:\cppsoft\ffmpeg\code\src\xcodec\xcodec\debug\xmux.obj
d:\cppsoft\ffmpeg\code\src\xcodec\xcodec\debug\xformat.obj
d:\cppsoft\ffmpeg\code\src\xcodec\xcodec\debug\xencode.obj
d:\cppsoft\ffmpeg\code\src\xcodec\xcodec\debug\xdemux_task.obj
d:\cppsoft\ffmpeg\code\src\xcodec\xcodec\debug\xdemux.obj
d:\cppsoft\ffmpeg\code\src\xcodec\xcodec\debug\xdecode_task.obj
d:\cppsoft\ffmpeg\code\src\xcodec\xcodec\debug\xdecode.obj
d:\cppsoft\ffmpeg\code\src\xcodec\xcodec\debug\xcodec.obj
d:\cppsoft\ffmpeg\code\bin\x86\xcodec.dll
d:\cppsoft\ffmpeg\code\bin\x86\xcodec.pdb
d:\cppsoft\ffmpeg\code\lib\x86\xcodec.lib
d:\cppsoft\ffmpeg\code\lib\x86\xcodec.exp
d:\cppsoft\ffmpeg\code\src\xcodec\xcodec\debug\xcodec.ilk
d:\cppsoft\ffmpeg\code\src\xcodec\xcodec\debug\xcodec.tlog\cl.command.1.tlog
d:\cppsoft\ffmpeg\code\src\xcodec\xcodec\debug\xcodec.tlog\cl.items.tlog
d:\cppsoft\ffmpeg\code\src\xcodec\xcodec\debug\xcodec.tlog\cl.read.1.tlog
d:\cppsoft\ffmpeg\code\src\xcodec\xcodec\debug\xcodec.tlog\cl.write.1.tlog
d:\cppsoft\ffmpeg\code\src\xcodec\xcodec\debug\xcodec.tlog\link.command.1.tlog
d:\cppsoft\ffmpeg\code\src\xcodec\xcodec\debug\xcodec.tlog\link.read.1.tlog
d:\cppsoft\ffmpeg\code\src\xcodec\xcodec\debug\xcodec.tlog\link.secondary.1.tlog
d:\cppsoft\ffmpeg\code\src\xcodec\xcodec\debug\xcodec.tlog\link.write.1.tlog
